<?xml version="1.0" encoding="UTF-8"?>
<!-- Generated by org.testng.reporters.JUnitReportReporter -->
<testsuite hostname="LAPTOP-5SGPDORB" failures="0" tests="3" name="testRunner.CucumberRunner" time="0.093" errors="0" timestamp="2024-09-16T08:08:25 IST" skipped="0">
  <testcase classname="testRunner.CucumberRunner" name="runScenario" time="0.004"/>
  <testcase classname="testRunner.CucumberRunner" name="runScenario" time="0.007"/>
  <testcase classname="testRunner.CucumberRunner" name="runScenario" time="0.082"/>
</testsuite> <!-- testRunner.CucumberRunner -->
