<?xml version="1.0" encoding="UTF-8"?>
<!-- Generated by org.testng.reporters.JUnitReportReporter -->
<testsuite hostname="LAPTOP-5SGPDORB" failures="0" tests="3" name="testRunner.CucumberRunner" time="0.094" errors="0" timestamp="2024-09-16T17:58:06 IST" skipped="0">
  <testcase classname="testRunner.CucumberRunner" name="runScenario" time="0.009"/>
  <testcase classname="testRunner.CucumberRunner" name="runScenario" time="0.069"/>
  <testcase classname="testRunner.CucumberRunner" name="runScenario" time="0.016"/>
</testsuite> <!-- testRunner.CucumberRunner -->
