<?xml version="1.0" encoding="UTF-8"?>
<!-- Generated by org.testng.reporters.JUnitReportReporter -->
<testsuite hostname="LAPTOP-5SGPDORB" failures="0" tests="2" name="testRunner.CucumberRunner" time="0.091" errors="0" timestamp="2024-09-16T16:20:35 IST" skipped="0">
  <testcase classname="testRunner.CucumberRunner" name="runScenario" time="0.017"/>
  <testcase classname="testRunner.CucumberRunner" name="runScenario" time="0.074"/>
</testsuite> <!-- testRunner.CucumberRunner -->
