<?xml version="1.0" encoding="UTF-8"?>
<!-- Generated by org.testng.reporters.JUnitReportReporter -->
<testsuite hostname="LAPTOP-5SGPDORB" failures="0" tests="5" name="testRunner.CucumberRunner" time="0.120" errors="0" timestamp="2024-09-16T07:47:50 IST" skipped="0">
  <testcase classname="testRunner.CucumberRunner" name="runScenario" time="0.006"/>
  <testcase classname="testRunner.CucumberRunner" name="runScenario" time="0.088"/>
  <testcase classname="testRunner.CucumberRunner" name="runScenario" time="0.005"/>
  <testcase classname="testRunner.CucumberRunner" name="runScenario" time="0.015"/>
  <testcase classname="testRunner.CucumberRunner" name="runScenario" time="0.006"/>
</testsuite> <!-- testRunner.CucumberRunner -->
