<?xml version="1.0" encoding="UTF-8"?>
<!-- Generated by org.testng.reporters.JUnitReportReporter -->
<testsuite hostname="LAPTOP-5SGPDORB" failures="0" tests="4" name="testRunner.CucumberRunner" time="0.089" errors="0" timestamp="2024-09-15T19:46:50 IST" skipped="0">
  <testcase classname="testRunner.CucumberRunner" name="runScenario" time="0.004"/>
  <testcase classname="testRunner.CucumberRunner" name="runScenario" time="0.004"/>
  <testcase classname="testRunner.CucumberRunner" name="runScenario" time="0.075"/>
  <testcase classname="testRunner.CucumberRunner" name="runScenario" time="0.006"/>
</testsuite> <!-- testRunner.CucumberRunner -->
