<?xml version="1.0" encoding="UTF-8"?>
<!-- Generated by org.testng.reporters.JUnitReportReporter -->
<testsuite hostname="LAPTOP-5SGPDORB" failures="0" tests="3" name="testRunner.CucumberRunner" time="0.090" errors="0" timestamp="2024-09-16T17:32:58 IST" skipped="0">
  <testcase classname="testRunner.CucumberRunner" name="runScenario" time="0.006"/>
  <testcase classname="testRunner.CucumberRunner" name="runScenario" time="0.079"/>
  <testcase classname="testRunner.CucumberRunner" name="runScenario" time="0.005"/>
</testsuite> <!-- testRunner.CucumberRunner -->
